<?xml version="1.0" encoding="UTF-8"?>
<!-- Generated by org.testng.reporters.JUnitReportReporter -->
<testsuite hostname="LAPTOP-BGN2SO95" failures="0" tests="1" name="RivuletApp.HowardWeb.LoginPage" time="12.172" errors="0" timestamp="2023-07-24T14:49:06 IST" skipped="0">
  <testcase classname="RivuletApp.HowardWeb.LoginPage" name="login" time="12.172"/>
  <system-out/>
</testsuite> <!-- RivuletApp.HowardWeb.LoginPage -->
